<?xml version="1.0" encoding="UTF-8"?>
<testsuite name="CommandLineTest" tests="11" skipped="0" failures="0" errors="0" timestamp="2016-08-01T19:40:14" hostname="Jeffreys-MacBook-Air.local" time="0.035">
  <properties/>
  <testcase name="deleteMeTxtIsDeletedTest" classname="CommandLineTest" time="0.02"/>
  <testcase name="imageFolderIsAFolderTest" classname="CommandLineTest" time="0.002"/>
  <testcase name="fruitContainsCorrectTextTest" classname="CommandLineTest" time="0.005"/>
  <testcase name="exampleFolderDeletedTest" classname="CommandLineTest" time="0.0"/>
  <testcase name="misspellllledTxtRenamedTest" classname="CommandLineTest" time="0.001"/>
  <testcase name="renameMainTest" classname="CommandLineTest" time="0.001"/>
  <testcase name="tiyLogoInImagesFolderTest" classname="CommandLineTest" time="0.0"/>
  <testcase name="mainWasRunTest" classname="CommandLineTest" time="0.0"/>
  <testcase name="fruitTxtExistsTest" classname="CommandLineTest" time="0.0"/>
  <testcase name="imageFolderCreatedTest" classname="CommandLineTest" time="0.0"/>
  <testcase name="tiyLogoNotInRoot" classname="CommandLineTest" time="0.0"/>
  <system-out><![CDATA[]]></system-out>
  <system-err><![CDATA[]]></system-err>
</testsuite>
